2022-07-21 18:07:47 INFO  BaseClass:48 - Lunching Chrome Browser....
  2022-07-21 18:07:48 INFO  BaseClass:65 - Maximizing Browser....
  2022-07-21 18:07:50 INFO  BaseClass:70 - Opening Application URL....
  2022-07-21 18:07:58 INFO  BaseClass:78 - Closing Browser....
  2022-07-21 18:07:59 INFO  BaseClass:48 - Lunching Chrome Browser....
  2022-07-21 18:07:59 INFO  BaseClass:65 - Maximizing Browser....
  2022-07-21 18:08:00 INFO  BaseClass:70 - Opening Application URL....
  2022-07-21 18:08:08 INFO  BaseClass:78 - Closing Browser....
  2022-07-21 18:08:08 INFO  BaseClass:48 - Lunching Chrome Browser....
  2022-07-21 18:08:08 INFO  BaseClass:65 - Maximizing Browser....
  2022-07-21 18:08:10 INFO  BaseClass:70 - Opening Application URL....
  2022-07-21 18:08:20 INFO  BaseClass:78 - Closing Browser....
  2022-07-21 18:08:21 INFO  BaseClass:48 - Lunching Chrome Browser....
  2022-07-21 18:08:21 INFO  BaseClass:65 - Maximizing Browser....
  2022-07-21 18:08:22 INFO  BaseClass:70 - Opening Application URL....
  2022-07-21 18:08:28 INFO  BaseClass:78 - Closing Browser....
  2022-07-21 18:08:30 INFO  BaseClass:48 - Lunching Chrome Browser....
  2022-07-21 18:08:30 INFO  BaseClass:65 - Maximizing Browser....
  2022-07-21 18:08:31 INFO  BaseClass:70 - Opening Application URL....
  2022-07-21 18:08:38 INFO  BaseClass:57 - verifyCustomsLink....
  2022-07-21 18:08:38 INFO  BaseClass:78 - Closing Browser....
  2022-07-21 18:08:39 INFO  BaseClass:48 - Lunching Chrome Browser....
  2022-07-21 18:08:39 INFO  BaseClass:65 - Maximizing Browser....
  2022-07-21 18:08:41 INFO  BaseClass:70 - Opening Application URL....
  2022-07-21 18:08:47 INFO  BaseClass:63 - Click on Add Friend....
  2022-07-21 18:08:47 INFO  BaseClass:64 - add Friend....
  2022-07-21 18:08:51 INFO  BaseClass:78 - Closing Browser....
  2022-07-21 18:08:51 INFO  BaseClass:48 - Lunching Chrome Browser....
  2022-07-21 18:08:52 INFO  BaseClass:65 - Maximizing Browser....
  2022-07-21 18:08:53 INFO  BaseClass:70 - Opening Application URL....
  2022-07-21 18:09:00 INFO  BaseClass:71 - Click on Confirm Friend....
  2022-07-21 18:09:04 INFO  BaseClass:78 - Closing Browser....
  2022-07-21 18:09:57 INFO  LoginPageTest:27 - ******** Starting test cases execution  *********
  2022-07-21 18:09:59 INFO  BaseClass:48 - Lunching Chrome Browser....
  2022-07-21 18:09:59 INFO  BaseClass:65 - Maximizing Browser....
  2022-07-21 18:10:01 INFO  BaseClass:70 - Opening Application URL....
  2022-07-21 18:10:02 INFO  LoginPageTest:67 - browser is closed
  2022-07-21 18:10:13 INFO  LoginPageTest:27 - ******** Starting test cases execution  *********
  2022-07-21 18:10:16 INFO  BaseClass:48 - Lunching Chrome Browser....
  2022-07-21 18:10:16 INFO  BaseClass:65 - Maximizing Browser....
  2022-07-21 18:10:18 INFO  BaseClass:70 - Opening Application URL....
  2022-07-21 18:10:18 INFO  LoginPageTest:67 - browser is closed
  2022-07-21 18:11:09 INFO  LoginPageTest:27 - ******** Starting test cases execution  *********
  2022-07-21 18:11:11 INFO  BaseClass:48 - Lunching Chrome Browser....
  2022-07-21 18:11:11 INFO  BaseClass:65 - Maximizing Browser....
  2022-07-21 18:11:13 INFO  BaseClass:70 - Opening Application URL....
  2022-07-21 18:11:13 INFO  LoginPageTest:61 - login successful with username and Password
  2022-07-21 18:11:14 INFO  LoginPageTest:67 - browser is closed
  2022-07-21 18:11:26 INFO  LoginPageTest:27 - ******** Starting test cases execution  *********
  2022-07-21 18:11:28 INFO  BaseClass:48 - Lunching Chrome Browser....
  2022-07-21 18:11:29 INFO  BaseClass:65 - Maximizing Browser....
  2022-07-21 18:11:30 INFO  BaseClass:70 - Opening Application URL....
  2022-07-21 18:11:33 INFO  LoginPageTest:55 - login successful with username: purabirout444@gmail.com
  2022-07-21 18:11:34 INFO  LoginPageTest:67 - browser is closed
  2022-07-21 18:11:34 INFO  LoginPageTest:27 - ******** Starting test cases execution  *********
  2022-07-21 18:11:35 INFO  BaseClass:48 - Lunching Chrome Browser....
  2022-07-21 18:11:35 INFO  BaseClass:65 - Maximizing Browser....
  2022-07-21 18:11:37 INFO  BaseClass:70 - Opening Application URL....
  2022-07-21 18:11:40 INFO  LoginPageTest:55 - login successful with username: purabirout@1996gmail.com
  2022-07-21 18:11:40 INFO  LoginPageTest:67 - browser is closed
  2022-07-21 18:11:40 INFO  LoginPageTest:27 - ******** Starting test cases execution  *********
  2022-07-21 18:11:41 INFO  BaseClass:48 - Lunching Chrome Browser....
  2022-07-21 18:11:41 INFO  BaseClass:65 - Maximizing Browser....
  2022-07-21 18:11:43 INFO  BaseClass:70 - Opening Application URL....
  2022-07-21 18:11:46 INFO  LoginPageTest:55 - login successful with username: purvi@1451gmail.com
  2022-07-21 18:11:47 INFO  LoginPageTest:67 - browser is closed
  2022-07-21 18:12:33 INFO  BaseClass:48 - Lunching Chrome Browser....
  2022-07-21 18:12:33 INFO  BaseClass:65 - Maximizing Browser....
  2022-07-21 18:12:35 INFO  BaseClass:70 - Opening Application URL....
  2022-07-21 18:12:50 INFO  BaseClass:48 - Lunching Chrome Browser....
  2022-07-21 18:12:50 INFO  BaseClass:65 - Maximizing Browser....
  2022-07-21 18:12:52 INFO  BaseClass:70 - Opening Application URL....
  2022-07-21 18:13:16 INFO  BaseClass:48 - Lunching Chrome Browser....
  2022-07-21 18:13:16 INFO  BaseClass:65 - Maximizing Browser....
  2022-07-21 18:13:18 INFO  BaseClass:70 - Opening Application URL....
  2022-07-21 18:13:44 INFO  ProfilePageTest:59 - Closing Browser....
  2022-07-21 18:14:45 INFO  BaseClass:48 - Lunching Chrome Browser....
  2022-07-21 18:14:45 INFO  BaseClass:65 - Maximizing Browser....
  2022-07-21 18:14:47 INFO  BaseClass:70 - Opening Application URL....
  2022-07-21 18:14:51 INFO  ProfilePageTest:45 - Verify Profile Page
  2022-07-21 18:14:52 INFO  ProfilePageTest:59 - Closing Browser....
  2022-07-21 18:15:04 INFO  BaseClass:48 - Lunching Chrome Browser....
  2022-07-21 18:15:04 INFO  BaseClass:65 - Maximizing Browser....
  2022-07-21 18:15:06 INFO  BaseClass:70 - Opening Application URL....
  2022-07-21 18:15:37 INFO  ProfilePageTest:59 - Closing Browser....
  2022-07-21 18:18:43 INFO  BaseClass:48 - Lunching Chrome Browser....
  2022-07-21 18:18:43 INFO  BaseClass:65 - Maximizing Browser....
  2022-07-21 18:18:45 INFO  BaseClass:70 - Opening Application URL....
  2022-07-21 18:18:56 INFO  ProfilePageTest:59 - Closing Browser....
  2022-07-22 10:45:25 INFO  BaseClass:48 - Lunching Chrome Browser....
  2022-07-22 10:45:25 INFO  BaseClass:65 - Maximizing Browser....
  2022-07-22 10:45:27 INFO  BaseClass:70 - Opening Application URL....
  2022-07-22 10:46:05 INFO  ProfilePageTest:59 - Closing Browser....
  2022-07-22 10:48:43 INFO  BaseClass:48 - Lunching Chrome Browser....
  2022-07-22 10:48:44 INFO  BaseClass:65 - Maximizing Browser....
  2022-07-22 10:48:45 INFO  BaseClass:70 - Opening Application URL....
  2022-07-22 11:00:26 INFO  LoginPageTest:27 - ******** Starting test cases execution  *********
  2022-07-22 11:00:28 INFO  BaseClass:48 - Lunching Chrome Browser....
  2022-07-22 11:00:29 INFO  BaseClass:65 - Maximizing Browser....
  2022-07-22 11:00:30 INFO  BaseClass:70 - Opening Application URL....
  2022-07-22 11:00:33 INFO  LoginPageTest:55 - login successful with username: purabirout444@gmail.com
  2022-07-22 11:00:33 INFO  LoginPageTest:67 - browser is closed
  2022-07-22 11:00:33 INFO  LoginPageTest:27 - ******** Starting test cases execution  *********
  2022-07-22 11:00:34 INFO  BaseClass:48 - Lunching Chrome Browser....
  2022-07-22 11:00:34 INFO  BaseClass:65 - Maximizing Browser....
  2022-07-22 11:00:35 INFO  BaseClass:70 - Opening Application URL....
  2022-07-22 11:00:38 INFO  LoginPageTest:55 - login successful with username: purabirout@1996gmail.com
  2022-07-22 11:00:38 INFO  LoginPageTest:67 - browser is closed
  2022-07-22 11:00:38 INFO  LoginPageTest:27 - ******** Starting test cases execution  *********
  2022-07-22 11:00:39 INFO  BaseClass:48 - Lunching Chrome Browser....
  2022-07-22 11:00:39 INFO  BaseClass:65 - Maximizing Browser....
  2022-07-22 11:00:40 INFO  BaseClass:70 - Opening Application URL....
  2022-07-22 11:00:43 INFO  LoginPageTest:55 - login successful with username: purvi@1451gmail.com
  2022-07-22 11:00:43 INFO  LoginPageTest:67 - browser is closed
  2022-07-22 11:00:43 INFO  LoginPageTest:27 - ******** Starting test cases execution  *********
  2022-07-22 11:00:44 INFO  BaseClass:48 - Lunching Chrome Browser....
  2022-07-22 11:00:44 INFO  BaseClass:65 - Maximizing Browser....
  2022-07-22 11:00:46 INFO  BaseClass:70 - Opening Application URL....
  2022-07-22 11:00:46 INFO  LoginPageTest:67 - browser is closed
  2022-07-22 11:00:46 INFO  LoginPageTest:27 - ******** Starting test cases execution  *********
  2022-07-22 11:00:47 INFO  BaseClass:48 - Lunching Chrome Browser....
  2022-07-22 11:00:47 INFO  BaseClass:65 - Maximizing Browser....
  2022-07-22 11:00:52 INFO  BaseClass:70 - Opening Application URL....
  2022-07-22 11:00:52 INFO  LoginPageTest:67 - browser is closed
  2022-07-22 11:00:52 INFO  LoginPageTest:27 - ******** Starting test cases execution  *********
  2022-07-22 11:00:53 INFO  BaseClass:48 - Lunching Chrome Browser....
  2022-07-22 11:00:53 INFO  BaseClass:65 - Maximizing Browser....
  2022-07-22 11:00:55 INFO  BaseClass:70 - Opening Application URL....
  2022-07-22 11:00:55 INFO  LoginPageTest:61 - login successful with username and Password
  2022-07-22 11:00:55 INFO  LoginPageTest:67 - browser is closed
  2022-07-22 11:00:55 INFO  HomePageTest:31 - ****** Starting test cases execution  *******
  2022-07-22 11:00:56 INFO  BaseClass:48 - Lunching Chrome Browser....
  2022-07-22 11:00:56 INFO  BaseClass:65 - Maximizing Browser....
  2022-07-22 11:00:57 INFO  BaseClass:70 - Opening Application URL....
  2022-07-22 11:00:58 INFO  HomePageTest:36 - ************Login the Application**********************
  2022-07-22 11:00:58 INFO  HomePageTest:37 - Open Home Page
  2022-07-22 11:00:58 INFO  HomePageTest:42 - ****** starting test case ******
  2022-07-22 11:00:58 INFO  HomePageTest:43 - ******* HomePageTitleTest ******
  2022-07-22 11:00:58 INFO  HomePageTest:44 - Opening Home Page
  2022-07-22 11:01:06 INFO  HomePageTest:48 - Title Verified Successfully.....
  2022-07-22 11:01:06 INFO  HomePageTest:49 - ****** ending test case ******
  2022-07-22 11:01:06 INFO  HomePageTest:92 - browser is closed
  2022-07-22 11:01:06 INFO  HomePageTest:31 - ****** Starting test cases execution  *******
  2022-07-22 11:01:07 INFO  BaseClass:48 - Lunching Chrome Browser....
  2022-07-22 11:01:07 INFO  BaseClass:65 - Maximizing Browser....
  2022-07-22 11:01:08 INFO  BaseClass:70 - Opening Application URL....
  2022-07-22 11:01:08 INFO  HomePageTest:36 - ************Login the Application**********************
  2022-07-22 11:01:08 INFO  HomePageTest:37 - Open Home Page
  2022-07-22 11:01:08 INFO  HomePageTest:54 - ****** starting test case ******
  2022-07-22 11:01:08 INFO  HomePageTest:55 - ******* verifyUserNameTest ******
  2022-07-22 11:01:13 INFO  HomePageTest:57 - UserName Verified Successfully.....
  2022-07-22 11:01:13 INFO  HomePageTest:58 - ****** ending test case ******
  2022-07-22 11:01:13 INFO  HomePageTest:92 - browser is closed
  2022-07-22 11:01:13 INFO  HomePageTest:31 - ****** Starting test cases execution  *******
  2022-07-22 11:01:14 INFO  BaseClass:48 - Lunching Chrome Browser....
  2022-07-22 11:01:14 INFO  BaseClass:65 - Maximizing Browser....
  2022-07-22 11:01:16 INFO  BaseClass:70 - Opening Application URL....
  2022-07-22 11:01:17 INFO  HomePageTest:36 - ************Login the Application**********************
  2022-07-22 11:01:17 INFO  HomePageTest:37 - Open Home Page
  2022-07-22 11:01:17 INFO  HomePageTest:63 - ****** starting test case ******
  2022-07-22 11:01:17 INFO  HomePageTest:64 - ******* verifyClickOnFriends ******
  2022-07-22 11:01:24 INFO  HomePageTest:68 - ****** ending test case ******
  2022-07-22 11:01:24 INFO  HomePageTest:92 - browser is closed
  2022-07-22 11:01:24 INFO  HomePageTest:31 - ****** Starting test cases execution  *******
  2022-07-22 11:01:25 INFO  BaseClass:48 - Lunching Chrome Browser....
  2022-07-22 11:01:26 INFO  BaseClass:65 - Maximizing Browser....
  2022-07-22 11:01:27 INFO  BaseClass:70 - Opening Application URL....
  2022-07-22 11:01:27 INFO  HomePageTest:36 - ************Login the Application**********************
  2022-07-22 11:01:27 INFO  HomePageTest:37 - Open Home Page
  2022-07-22 11:01:27 INFO  HomePageTest:73 - ****** starting test case ******
  2022-07-22 11:01:27 INFO  HomePageTest:74 - ******* verifyHomePage ******
  2022-07-22 11:01:35 INFO  HomePageTest:77 - ****** ending test case ******
  2022-07-22 11:01:35 INFO  HomePageTest:92 - browser is closed
  2022-07-22 11:01:35 INFO  HomePageTest:31 - ****** Starting test cases execution  *******
  2022-07-22 11:01:36 INFO  BaseClass:48 - Lunching Chrome Browser....
  2022-07-22 11:01:36 INFO  BaseClass:65 - Maximizing Browser....
  2022-07-22 11:01:37 INFO  BaseClass:70 - Opening Application URL....
  2022-07-22 11:01:37 INFO  HomePageTest:36 - ************Login the Application**********************
  2022-07-22 11:01:37 INFO  HomePageTest:37 - Open Home Page
  2022-07-22 11:01:37 INFO  HomePageTest:82 - ****** starting test case ******
  2022-07-22 11:01:37 INFO  HomePageTest:83 - ******* verifyClickOnLogout ******
  2022-07-22 11:02:04 INFO  HomePageTest:92 - browser is closed
  2022-07-22 11:02:05 INFO  BaseClass:48 - Lunching Chrome Browser....
  2022-07-22 11:02:05 INFO  BaseClass:65 - Maximizing Browser....
  2022-07-22 11:02:07 INFO  BaseClass:70 - Opening Application URL....
  2022-07-22 11:02:15 INFO  ProfilePageTest:39 - Clicked on profile Page..
  2022-07-22 11:02:15 INFO  ProfilePageTest:59 - Closing Browser....
  2022-07-22 11:02:16 INFO  BaseClass:48 - Lunching Chrome Browser....
  2022-07-22 11:02:16 INFO  BaseClass:65 - Maximizing Browser....
  2022-07-22 11:02:18 INFO  BaseClass:70 - Opening Application URL....
  2022-07-22 11:02:24 INFO  ProfilePageTest:45 - Verify Profile Page
  2022-07-22 11:02:25 INFO  ProfilePageTest:59 - Closing Browser....
  2022-07-22 11:02:26 INFO  BaseClass:48 - Lunching Chrome Browser....
  2022-07-22 11:02:26 INFO  BaseClass:65 - Maximizing Browser....
  2022-07-22 11:02:27 INFO  BaseClass:70 - Opening Application URL....
  2022-07-22 11:02:35 INFO  BaseClass:78 - Closing Browser....
  2022-07-22 11:02:35 INFO  BaseClass:48 - Lunching Chrome Browser....
  2022-07-22 11:02:36 INFO  BaseClass:65 - Maximizing Browser....
  2022-07-22 11:02:38 INFO  BaseClass:70 - Opening Application URL....
  2022-07-22 11:02:44 INFO  BaseClass:78 - Closing Browser....
  2022-07-22 11:02:45 INFO  BaseClass:48 - Lunching Chrome Browser....
  2022-07-22 11:02:45 INFO  BaseClass:65 - Maximizing Browser....
  2022-07-22 11:02:47 INFO  BaseClass:70 - Opening Application URL....
  2022-07-22 11:02:54 INFO  BaseClass:78 - Closing Browser....
  2022-07-22 11:02:55 INFO  BaseClass:48 - Lunching Chrome Browser....
  2022-07-22 11:02:55 INFO  BaseClass:65 - Maximizing Browser....
  2022-07-22 11:02:59 INFO  BaseClass:70 - Opening Application URL....
  2022-07-22 11:03:14 INFO  BaseClass:78 - Closing Browser....
  2022-07-22 11:03:15 INFO  BaseClass:48 - Lunching Chrome Browser....
  2022-07-22 11:03:16 INFO  BaseClass:65 - Maximizing Browser....
  2022-07-22 11:03:17 INFO  BaseClass:70 - Opening Application URL....
  2022-07-22 11:03:25 INFO  BaseClass:57 - verifyCustomsLink....
  2022-07-22 11:03:25 INFO  BaseClass:78 - Closing Browser....
  2022-07-22 11:03:26 INFO  BaseClass:48 - Lunching Chrome Browser....
  2022-07-22 11:03:26 INFO  BaseClass:65 - Maximizing Browser....
  2022-07-22 11:03:27 INFO  BaseClass:70 - Opening Application URL....
  2022-07-22 11:03:36 INFO  BaseClass:63 - Click on Add Friend....
  2022-07-22 11:03:36 INFO  BaseClass:64 - add Friend....
  2022-07-22 11:03:39 INFO  BaseClass:78 - Closing Browser....
  2022-07-22 11:03:40 INFO  BaseClass:48 - Lunching Chrome Browser....
  2022-07-22 11:03:40 INFO  BaseClass:65 - Maximizing Browser....
  2022-07-22 11:03:42 INFO  BaseClass:70 - Opening Application URL....
  2022-07-22 11:03:49 INFO  BaseClass:71 - Click on Confirm Friend....
  2022-07-22 11:03:53 INFO  BaseClass:78 - Closing Browser....
  2022-07-22 11:03:53 INFO  BaseClass:48 - Lunching Chrome Browser....
  2022-07-22 11:03:54 INFO  BaseClass:65 - Maximizing Browser....
  2022-07-22 11:03:55 INFO  BaseClass:70 - Opening Application URL....
  2022-07-22 11:03:56 INFO  BaseClass:48 - Lunching Chrome Browser....
  2022-07-22 11:03:56 INFO  BaseClass:65 - Maximizing Browser....
  2022-07-22 11:03:58 INFO  BaseClass:70 - Opening Application URL....
  2022-07-22 11:06:07 INFO  LoginPageTest:27 - ******** Starting test cases execution  *********
  2022-07-22 11:06:09 INFO  BaseClass:48 - Lunching Chrome Browser....
  2022-07-22 11:06:09 INFO  BaseClass:65 - Maximizing Browser....
  2022-07-22 11:06:10 INFO  BaseClass:70 - Opening Application URL....
  2022-07-22 11:06:23 INFO  LoginPageTest:67 - browser is closed
  2022-07-22 12:06:43 INFO  LoginPageTest:27 - ******** Starting test cases execution  *********
  2022-07-22 12:06:46 INFO  BaseClass:48 - Lunching Chrome Browser....
  2022-07-22 12:06:46 INFO  BaseClass:65 - Maximizing Browser....
  2022-07-22 12:06:51 INFO  BaseClass:70 - Opening Application URL....
  2022-07-22 12:06:54 INFO  LoginPageTest:55 - login successful with username: purabirout444@gmail.com
  2022-07-22 12:06:54 INFO  LoginPageTest:67 - browser is closed
  2022-07-22 12:06:54 INFO  LoginPageTest:27 - ******** Starting test cases execution  *********
  2022-07-22 12:06:55 INFO  BaseClass:48 - Lunching Chrome Browser....
  2022-07-22 12:06:55 INFO  BaseClass:65 - Maximizing Browser....
  2022-07-22 12:07:00 INFO  BaseClass:70 - Opening Application URL....
  2022-07-22 12:07:03 INFO  LoginPageTest:55 - login successful with username: purabirout@1996gmail.com
  2022-07-22 12:07:03 INFO  LoginPageTest:67 - browser is closed
  2022-07-22 12:07:03 INFO  LoginPageTest:27 - ******** Starting test cases execution  *********
  2022-07-22 12:07:04 INFO  BaseClass:48 - Lunching Chrome Browser....
  2022-07-22 12:07:04 INFO  BaseClass:65 - Maximizing Browser....
  2022-07-22 12:07:09 INFO  BaseClass:70 - Opening Application URL....
  2022-07-22 12:07:12 INFO  LoginPageTest:55 - login successful with username: purvi@1451gmail.com
  2022-07-22 12:07:12 INFO  LoginPageTest:67 - browser is closed
  2022-07-22 12:07:12 INFO  LoginPageTest:27 - ******** Starting test cases execution  *********
  2022-07-22 12:07:13 INFO  BaseClass:48 - Lunching Chrome Browser....
  2022-07-22 12:07:13 INFO  BaseClass:65 - Maximizing Browser....
  2022-07-22 12:07:22 INFO  BaseClass:70 - Opening Application URL....
  2022-07-22 12:07:22 INFO  LoginPageTest:67 - browser is closed
  2022-07-22 12:07:22 INFO  LoginPageTest:27 - ******** Starting test cases execution  *********
  2022-07-22 12:07:23 INFO  BaseClass:48 - Lunching Chrome Browser....
  2022-07-22 12:07:23 INFO  BaseClass:65 - Maximizing Browser....
  2022-07-22 12:07:28 INFO  BaseClass:70 - Opening Application URL....
  2022-07-22 12:07:28 INFO  LoginPageTest:67 - browser is closed
  2022-07-22 12:07:28 INFO  LoginPageTest:27 - ******** Starting test cases execution  *********
  2022-07-22 12:07:29 INFO  BaseClass:48 - Lunching Chrome Browser....
  2022-07-22 12:07:29 INFO  BaseClass:65 - Maximizing Browser....
  2022-07-22 12:07:34 INFO  BaseClass:70 - Opening Application URL....
  2022-07-22 12:07:34 INFO  LoginPageTest:61 - login successful with username and Password
  2022-07-22 12:07:34 INFO  LoginPageTest:67 - browser is closed
  2022-07-22 12:07:34 INFO  HomePageTest:31 - ****** Starting test cases execution  *******
  2022-07-22 12:07:35 INFO  BaseClass:48 - Lunching Chrome Browser....
  2022-07-22 12:07:35 INFO  BaseClass:65 - Maximizing Browser....
  2022-07-22 12:07:50 INFO  BaseClass:70 - Opening Application URL....
  2022-07-22 12:07:50 INFO  HomePageTest:36 - ************Login the Application**********************
  2022-07-22 12:07:50 INFO  HomePageTest:37 - Open Home Page
  2022-07-22 12:07:50 INFO  HomePageTest:42 - ****** starting test case ******
  2022-07-22 12:07:50 INFO  HomePageTest:43 - ******* HomePageTitleTest ******
  2022-07-22 12:07:50 INFO  HomePageTest:44 - Opening Home Page
  2022-07-22 12:08:20 INFO  HomePageTest:92 - browser is closed
  2022-07-22 12:08:20 INFO  HomePageTest:31 - ****** Starting test cases execution  *******
  2022-07-22 12:08:21 INFO  BaseClass:48 - Lunching Chrome Browser....
  2022-07-22 12:08:21 INFO  BaseClass:65 - Maximizing Browser....
  2022-07-22 12:08:27 INFO  BaseClass:70 - Opening Application URL....
  2022-07-22 12:08:27 INFO  HomePageTest:36 - ************Login the Application**********************
  2022-07-22 12:08:27 INFO  HomePageTest:37 - Open Home Page
  2022-07-22 12:08:27 INFO  HomePageTest:54 - ****** starting test case ******
  2022-07-22 12:08:27 INFO  HomePageTest:55 - ******* verifyUserNameTest ******
  2022-07-22 12:08:58 INFO  HomePageTest:92 - browser is closed
  2022-07-22 12:08:58 INFO  HomePageTest:31 - ****** Starting test cases execution  *******
  2022-07-22 12:08:58 INFO  BaseClass:48 - Lunching Chrome Browser....
  2022-07-22 12:08:58 INFO  BaseClass:65 - Maximizing Browser....
  2022-07-22 12:09:04 INFO  BaseClass:70 - Opening Application URL....
  2022-07-22 12:09:04 INFO  HomePageTest:36 - ************Login the Application**********************
  2022-07-22 12:09:04 INFO  HomePageTest:37 - Open Home Page
  2022-07-22 12:09:04 INFO  HomePageTest:63 - ****** starting test case ******
  2022-07-22 12:09:04 INFO  HomePageTest:64 - ******* verifyClickOnFriends ******
  2022-07-22 12:09:43 INFO  HomePageTest:92 - browser is closed
  2022-07-22 12:09:43 INFO  HomePageTest:31 - ****** Starting test cases execution  *******
  2022-07-22 12:09:44 INFO  BaseClass:48 - Lunching Chrome Browser....
  2022-07-22 12:09:44 INFO  BaseClass:65 - Maximizing Browser....
  2022-07-22 12:09:50 INFO  BaseClass:70 - Opening Application URL....
  2022-07-22 12:09:51 INFO  HomePageTest:36 - ************Login the Application**********************
  2022-07-22 12:09:51 INFO  HomePageTest:37 - Open Home Page
  2022-07-22 12:09:51 INFO  HomePageTest:73 - ****** starting test case ******
  2022-07-22 12:09:51 INFO  HomePageTest:74 - ******* verifyHomePage ******
  2022-07-22 12:10:41 INFO  HomePageTest:92 - browser is closed
  2022-07-22 12:10:41 INFO  HomePageTest:31 - ****** Starting test cases execution  *******
  2022-07-22 12:10:42 INFO  BaseClass:48 - Lunching Chrome Browser....
  2022-07-22 12:10:42 INFO  BaseClass:65 - Maximizing Browser....
  2022-07-22 12:10:47 INFO  BaseClass:70 - Opening Application URL....
  2022-07-22 12:10:48 INFO  HomePageTest:36 - ************Login the Application**********************
  2022-07-22 12:10:48 INFO  HomePageTest:37 - Open Home Page
  2022-07-22 12:10:48 INFO  HomePageTest:82 - ****** starting test case ******
  2022-07-22 12:10:48 INFO  HomePageTest:83 - ******* verifyClickOnLogout ******
  2022-07-22 12:11:18 INFO  HomePageTest:92 - browser is closed
  2022-07-22 12:11:19 INFO  BaseClass:48 - Lunching Chrome Browser....
  2022-07-22 12:11:19 INFO  BaseClass:65 - Maximizing Browser....
  2022-07-22 12:11:26 INFO  BaseClass:70 - Opening Application URL....
  2022-07-22 12:12:05 INFO  ProfilePageTest:59 - Closing Browser....
  2022-07-22 12:12:05 INFO  BaseClass:48 - Lunching Chrome Browser....
  2022-07-22 12:12:06 INFO  BaseClass:65 - Maximizing Browser....
  2022-07-22 12:12:20 INFO  BaseClass:70 - Opening Application URL....
  2022-07-22 12:12:50 INFO  ProfilePageTest:59 - Closing Browser....
  2022-07-22 12:12:51 INFO  BaseClass:48 - Lunching Chrome Browser....
  2022-07-22 12:12:51 INFO  BaseClass:65 - Maximizing Browser....
  2022-07-22 12:12:57 INFO  BaseClass:70 - Opening Application URL....
  2022-07-22 12:13:28 INFO  BaseClass:48 - Lunching Chrome Browser....
  2022-07-22 12:13:28 INFO  BaseClass:65 - Maximizing Browser....
  2022-07-22 12:13:35 INFO  BaseClass:70 - Opening Application URL....
  2022-07-22 12:13:36 INFO  BaseClass:48 - Lunching Chrome Browser....
  2022-07-22 12:13:36 INFO  BaseClass:65 - Maximizing Browser....
  2022-07-22 12:13:41 INFO  BaseClass:70 - Opening Application URL....
  2022-07-22 12:43:07 INFO  BaseClass:48 - Lunching Chrome Browser....
  2022-07-22 12:43:07 INFO  BaseClass:65 - Maximizing Browser....
  2022-07-22 12:43:08 INFO  BaseClass:70 - Opening Application URL....
  2022-07-22 12:43:30 INFO  BaseClass:78 - Closing Browser....
  2022-07-22 12:45:43 INFO  BaseClass:48 - Lunching Chrome Browser....
  2022-07-22 12:45:43 INFO  BaseClass:65 - Maximizing Browser....
  2022-07-22 12:45:44 INFO  BaseClass:70 - Opening Application URL....
  2022-07-22 12:46:17 INFO  ProfilePageTest:59 - Closing Browser....
  2022-07-22 12:47:21 INFO  BaseClass:48 - Lunching Chrome Browser....
  2022-07-22 12:47:22 INFO  BaseClass:65 - Maximizing Browser....
  2022-07-22 12:47:23 INFO  BaseClass:70 - Opening Application URL....
  2022-07-22 12:47:29 INFO  ProfilePageTest:45 - Verify Profile Page
  2022-07-22 12:47:30 INFO  ProfilePageTest:59 - Closing Browser....
  2022-07-22 12:47:52 INFO  BaseClass:48 - Lunching Chrome Browser....
  2022-07-22 12:47:52 INFO  BaseClass:65 - Maximizing Browser....
  2022-07-22 12:47:54 INFO  BaseClass:70 - Opening Application URL....
  2022-07-22 12:47:58 INFO  ProfilePageTest:39 - Clicked on profile Page..
  2022-07-22 12:47:58 INFO  ProfilePageTest:59 - Closing Browser....
  2022-07-22 12:50:10 INFO  BaseClass:48 - Lunching Chrome Browser....
  2022-07-22 12:50:10 INFO  BaseClass:65 - Maximizing Browser....
  2022-07-22 12:50:12 INFO  BaseClass:70 - Opening Application URL....
  2022-07-22 12:50:17 INFO  BaseClass:78 - Closing Browser....
  2022-07-22 12:50:40 INFO  BaseClass:48 - Lunching Chrome Browser....
  2022-07-22 12:50:40 INFO  BaseClass:65 - Maximizing Browser....
  2022-07-22 12:50:41 INFO  BaseClass:70 - Opening Application URL....
  2022-07-22 12:50:46 INFO  BaseClass:78 - Closing Browser....
  2022-07-22 12:52:30 INFO  LoginPageTest:27 - ******** Starting test cases execution  *********
  2022-07-22 12:52:33 INFO  BaseClass:48 - Lunching Chrome Browser....
  2022-07-22 12:52:33 INFO  BaseClass:65 - Maximizing Browser....
  2022-07-22 12:52:35 INFO  BaseClass:70 - Opening Application URL....
  2022-07-22 12:52:38 INFO  LoginPageTest:55 - login successful with username: purabirout444@gmail.com
  2022-07-22 12:52:38 INFO  LoginPageTest:67 - browser is closed
  2022-07-22 12:52:38 INFO  LoginPageTest:27 - ******** Starting test cases execution  *********
  2022-07-22 12:52:39 INFO  BaseClass:48 - Lunching Chrome Browser....
  2022-07-22 12:52:39 INFO  BaseClass:65 - Maximizing Browser....
  2022-07-22 12:52:41 INFO  BaseClass:70 - Opening Application URL....
  2022-07-22 12:52:44 INFO  LoginPageTest:55 - login successful with username: purabirout@1996gmail.com
  2022-07-22 12:52:45 INFO  LoginPageTest:67 - browser is closed
  2022-07-22 12:52:45 INFO  LoginPageTest:27 - ******** Starting test cases execution  *********
  2022-07-22 12:52:45 INFO  BaseClass:48 - Lunching Chrome Browser....
  2022-07-22 12:52:45 INFO  BaseClass:65 - Maximizing Browser....
  2022-07-22 12:52:47 INFO  BaseClass:70 - Opening Application URL....
  2022-07-22 12:52:50 INFO  LoginPageTest:55 - login successful with username: purvi@1451gmail.com
  2022-07-22 12:52:50 INFO  LoginPageTest:67 - browser is closed
  2022-07-22 12:52:50 INFO  LoginPageTest:27 - ******** Starting test cases execution  *********
  2022-07-22 12:52:51 INFO  BaseClass:48 - Lunching Chrome Browser....
  2022-07-22 12:52:51 INFO  BaseClass:65 - Maximizing Browser....
  2022-07-22 12:52:52 INFO  BaseClass:70 - Opening Application URL....
  2022-07-22 12:52:52 INFO  LoginPageTest:67 - browser is closed
  2022-07-22 12:52:52 INFO  LoginPageTest:27 - ******** Starting test cases execution  *********
  2022-07-22 12:52:53 INFO  BaseClass:48 - Lunching Chrome Browser....
  2022-07-22 12:52:53 INFO  BaseClass:65 - Maximizing Browser....
  2022-07-22 12:52:54 INFO  BaseClass:70 - Opening Application URL....
  2022-07-22 12:52:55 INFO  LoginPageTest:67 - browser is closed
  2022-07-22 12:52:55 INFO  LoginPageTest:27 - ******** Starting test cases execution  *********
  2022-07-22 12:52:56 INFO  BaseClass:48 - Lunching Chrome Browser....
  2022-07-22 12:52:56 INFO  BaseClass:65 - Maximizing Browser....
  2022-07-22 12:52:57 INFO  BaseClass:70 - Opening Application URL....
  2022-07-22 12:52:57 INFO  LoginPageTest:61 - login successful with username and Password
  2022-07-22 12:52:57 INFO  LoginPageTest:67 - browser is closed
  2022-07-22 12:52:57 INFO  HomePageTest:31 - ****** Starting test cases execution  *******
  2022-07-22 12:52:58 INFO  BaseClass:48 - Lunching Chrome Browser....
  2022-07-22 12:52:58 INFO  BaseClass:65 - Maximizing Browser....
  2022-07-22 12:53:00 INFO  BaseClass:70 - Opening Application URL....
  2022-07-22 12:53:00 INFO  HomePageTest:36 - ************Login the Application**********************
  2022-07-22 12:53:00 INFO  HomePageTest:37 - Open Home Page
  2022-07-22 12:53:00 INFO  HomePageTest:42 - ****** starting test case ******
  2022-07-22 12:53:00 INFO  HomePageTest:43 - ******* HomePageTitleTest ******
  2022-07-22 12:53:00 INFO  HomePageTest:44 - Opening Home Page
  2022-07-22 12:53:06 INFO  HomePageTest:92 - browser is closed
  2022-07-22 12:53:06 INFO  HomePageTest:31 - ****** Starting test cases execution  *******
  2022-07-22 12:53:07 INFO  BaseClass:48 - Lunching Chrome Browser....
  2022-07-22 12:53:07 INFO  BaseClass:65 - Maximizing Browser....
  2022-07-22 12:53:09 INFO  BaseClass:70 - Opening Application URL....
  2022-07-22 12:53:09 INFO  HomePageTest:36 - ************Login the Application**********************
  2022-07-22 12:53:09 INFO  HomePageTest:37 - Open Home Page
  2022-07-22 12:53:09 INFO  HomePageTest:54 - ****** starting test case ******
  2022-07-22 12:53:09 INFO  HomePageTest:55 - ******* verifyUserNameTest ******
  2022-07-22 12:53:14 INFO  HomePageTest:57 - UserName Verified Successfully.....
  2022-07-22 12:53:14 INFO  HomePageTest:58 - ****** ending test case ******
  2022-07-22 12:53:14 INFO  HomePageTest:92 - browser is closed
  2022-07-22 12:53:14 INFO  HomePageTest:31 - ****** Starting test cases execution  *******
  2022-07-22 12:53:15 INFO  BaseClass:48 - Lunching Chrome Browser....
  2022-07-22 12:53:15 INFO  BaseClass:65 - Maximizing Browser....
  2022-07-22 12:53:17 INFO  BaseClass:70 - Opening Application URL....
  2022-07-22 12:53:17 INFO  HomePageTest:36 - ************Login the Application**********************
  2022-07-22 12:53:17 INFO  HomePageTest:37 - Open Home Page
  2022-07-22 12:53:17 INFO  HomePageTest:63 - ****** starting test case ******
  2022-07-22 12:53:17 INFO  HomePageTest:64 - ******* verifyClickOnFriends ******
  2022-07-22 12:53:25 INFO  HomePageTest:68 - ****** ending test case ******
  2022-07-22 12:53:26 INFO  HomePageTest:92 - browser is closed
  2022-07-22 12:53:26 INFO  HomePageTest:31 - ****** Starting test cases execution  *******
  2022-07-22 12:53:27 INFO  BaseClass:48 - Lunching Chrome Browser....
  2022-07-22 12:53:27 INFO  BaseClass:65 - Maximizing Browser....
  2022-07-22 12:53:28 INFO  BaseClass:70 - Opening Application URL....
  2022-07-22 12:53:28 INFO  HomePageTest:36 - ************Login the Application**********************
  2022-07-22 12:53:28 INFO  HomePageTest:37 - Open Home Page
  2022-07-22 12:53:28 INFO  HomePageTest:73 - ****** starting test case ******
  2022-07-22 12:53:28 INFO  HomePageTest:74 - ******* verifyHomePage ******
  2022-07-22 12:53:37 INFO  HomePageTest:77 - ****** ending test case ******
  2022-07-22 12:53:38 INFO  HomePageTest:92 - browser is closed
  2022-07-22 12:53:38 INFO  HomePageTest:31 - ****** Starting test cases execution  *******
  2022-07-22 12:53:39 INFO  BaseClass:48 - Lunching Chrome Browser....
  2022-07-22 12:53:39 INFO  BaseClass:65 - Maximizing Browser....
  2022-07-22 12:53:40 INFO  BaseClass:70 - Opening Application URL....
  2022-07-22 12:53:40 INFO  HomePageTest:36 - ************Login the Application**********************
  2022-07-22 12:53:40 INFO  HomePageTest:37 - Open Home Page
  2022-07-22 12:53:40 INFO  HomePageTest:82 - ****** starting test case ******
  2022-07-22 12:53:40 INFO  HomePageTest:83 - ******* verifyClickOnLogout ******
  2022-07-22 12:54:05 INFO  HomePageTest:92 - browser is closed
  2022-07-22 12:54:06 INFO  BaseClass:48 - Lunching Chrome Browser....
  2022-07-22 12:54:06 INFO  BaseClass:65 - Maximizing Browser....
  2022-07-22 12:54:07 INFO  BaseClass:70 - Opening Application URL....
  2022-07-22 12:54:10 INFO  ProfilePageTest:39 - Clicked on profile Page..
  2022-07-22 12:54:10 INFO  ProfilePageTest:59 - Closing Browser....
  2022-07-22 12:54:11 INFO  BaseClass:48 - Lunching Chrome Browser....
  2022-07-22 12:54:11 INFO  BaseClass:65 - Maximizing Browser....
  2022-07-22 12:54:13 INFO  BaseClass:70 - Opening Application URL....
  2022-07-22 12:54:19 INFO  ProfilePageTest:45 - Verify Profile Page
  2022-07-22 12:54:19 INFO  ProfilePageTest:59 - Closing Browser....
  2022-07-22 12:54:20 INFO  BaseClass:48 - Lunching Chrome Browser....
  2022-07-22 12:54:21 INFO  BaseClass:65 - Maximizing Browser....
  2022-07-22 12:54:22 INFO  BaseClass:70 - Opening Application URL....
  2022-07-22 12:54:51 INFO  ProfilePageTest:59 - Closing Browser....
  2022-07-22 12:54:52 INFO  BaseClass:48 - Lunching Chrome Browser....
  2022-07-22 12:54:53 INFO  BaseClass:65 - Maximizing Browser....
  2022-07-22 12:54:54 INFO  BaseClass:70 - Opening Application URL....
  2022-07-22 12:54:59 INFO  BaseClass:78 - Closing Browser....
  2022-07-22 12:55:01 INFO  BaseClass:48 - Lunching Chrome Browser....
  2022-07-22 12:55:01 INFO  BaseClass:65 - Maximizing Browser....
  2022-07-22 12:55:02 INFO  BaseClass:70 - Opening Application URL....
  2022-07-22 12:55:08 INFO  BaseClass:78 - Closing Browser....
  2022-07-22 12:55:09 INFO  BaseClass:48 - Lunching Chrome Browser....
  2022-07-22 12:55:10 INFO  BaseClass:65 - Maximizing Browser....
  2022-07-22 12:55:11 INFO  BaseClass:70 - Opening Application URL....
  2022-07-22 12:55:19 INFO  BaseClass:78 - Closing Browser....
  2022-07-22 12:55:20 INFO  BaseClass:48 - Lunching Chrome Browser....
  2022-07-22 12:55:20 INFO  BaseClass:65 - Maximizing Browser....
  2022-07-22 12:55:21 INFO  BaseClass:70 - Opening Application URL....
  2022-07-22 12:55:30 INFO  BaseClass:78 - Closing Browser....
  2022-07-22 12:55:31 INFO  BaseClass:48 - Lunching Chrome Browser....
  2022-07-22 12:55:31 INFO  BaseClass:65 - Maximizing Browser....
  2022-07-22 12:55:32 INFO  BaseClass:70 - Opening Application URL....
  2022-07-22 12:55:42 INFO  BaseClass:57 - verifyCustomsLink....
  2022-07-22 12:55:42 INFO  BaseClass:78 - Closing Browser....
  2022-07-22 12:55:43 INFO  BaseClass:48 - Lunching Chrome Browser....
  2022-07-22 12:55:43 INFO  BaseClass:65 - Maximizing Browser....
  2022-07-22 12:55:44 INFO  BaseClass:70 - Opening Application URL....
  2022-07-22 12:55:52 INFO  BaseClass:63 - Click on Add Friend....
  2022-07-22 12:55:52 INFO  BaseClass:64 - add Friend....
  2022-07-22 12:55:55 INFO  BaseClass:78 - Closing Browser....
  2022-07-22 12:55:56 INFO  BaseClass:48 - Lunching Chrome Browser....
  2022-07-22 12:55:56 INFO  BaseClass:65 - Maximizing Browser....
  2022-07-22 12:55:57 INFO  BaseClass:70 - Opening Application URL....
  2022-07-22 12:56:03 INFO  BaseClass:71 - Click on Confirm Friend....
  2022-07-22 12:56:06 INFO  BaseClass:78 - Closing Browser....
  2022-07-22 12:56:07 INFO  BaseClass:48 - Lunching Chrome Browser....
  2022-07-22 12:56:07 INFO  BaseClass:65 - Maximizing Browser....
  2022-07-22 12:56:08 INFO  BaseClass:70 - Opening Application URL....
  2022-07-22 12:56:09 INFO  BaseClass:48 - Lunching Chrome Browser....
  2022-07-22 12:56:09 INFO  BaseClass:65 - Maximizing Browser....
  2022-07-22 12:56:11 INFO  BaseClass:70 - Opening Application URL....
  2022-07-22 13:18:41 INFO  LoginPageTest:27 - ******** Starting test cases execution  *********
  2022-07-22 13:18:42 INFO  BaseClass:48 - Lunching Chrome Browser....
  2022-07-22 13:18:42 INFO  BaseClass:65 - Maximizing Browser....
  2022-07-22 13:18:43 INFO  BaseClass:70 - Opening Application URL....
  2022-07-22 13:18:47 INFO  LoginPageTest:55 - login successful with username: purabirout444@gmail.com
  2022-07-22 13:18:47 INFO  LoginPageTest:67 - browser is closed
  2022-07-22 13:18:47 INFO  LoginPageTest:27 - ******** Starting test cases execution  *********
  2022-07-22 13:18:48 INFO  BaseClass:48 - Lunching Chrome Browser....
  2022-07-22 13:18:48 INFO  BaseClass:65 - Maximizing Browser....
  2022-07-22 13:18:49 INFO  BaseClass:70 - Opening Application URL....
  2022-07-22 13:18:52 INFO  LoginPageTest:55 - login successful with username: purabirout@1996gmail.com
  2022-07-22 13:18:52 INFO  LoginPageTest:67 - browser is closed
  2022-07-22 13:18:52 INFO  LoginPageTest:27 - ******** Starting test cases execution  *********
  2022-07-22 13:18:53 INFO  BaseClass:48 - Lunching Chrome Browser....
  2022-07-22 13:18:53 INFO  BaseClass:65 - Maximizing Browser....
  2022-07-22 13:18:54 INFO  BaseClass:70 - Opening Application URL....
  2022-07-22 13:18:57 INFO  LoginPageTest:55 - login successful with username: purvi@1451gmail.com
  2022-07-22 13:18:57 INFO  LoginPageTest:67 - browser is closed
  2022-07-22 13:18:57 INFO  LoginPageTest:27 - ******** Starting test cases execution  *********
  2022-07-22 13:18:58 INFO  BaseClass:48 - Lunching Chrome Browser....
  2022-07-22 13:18:58 INFO  BaseClass:65 - Maximizing Browser....
  2022-07-22 13:19:00 INFO  BaseClass:70 - Opening Application URL....
  2022-07-22 13:19:00 INFO  LoginPageTest:67 - browser is closed
  2022-07-22 13:19:00 INFO  LoginPageTest:27 - ******** Starting test cases execution  *********
  2022-07-22 13:19:01 INFO  BaseClass:48 - Lunching Chrome Browser....
  2022-07-22 13:19:01 INFO  BaseClass:65 - Maximizing Browser....
  2022-07-22 13:19:02 INFO  BaseClass:70 - Opening Application URL....
  2022-07-22 13:19:02 INFO  LoginPageTest:67 - browser is closed
  2022-07-22 13:19:02 INFO  LoginPageTest:27 - ******** Starting test cases execution  *********
  2022-07-22 13:19:03 INFO  BaseClass:48 - Lunching Chrome Browser....
  2022-07-22 13:19:03 INFO  BaseClass:65 - Maximizing Browser....
  2022-07-22 13:19:04 INFO  BaseClass:70 - Opening Application URL....
  2022-07-22 13:19:04 INFO  LoginPageTest:61 - login successful with username and Password
  2022-07-22 13:19:04 INFO  LoginPageTest:67 - browser is closed
  2022-07-22 13:19:04 INFO  HomePageTest:31 - ****** Starting test cases execution  *******
  2022-07-22 13:19:05 INFO  BaseClass:48 - Lunching Chrome Browser....
  2022-07-22 13:19:05 INFO  BaseClass:65 - Maximizing Browser....
  2022-07-22 13:19:06 INFO  BaseClass:70 - Opening Application URL....
  2022-07-22 13:19:06 INFO  HomePageTest:36 - ************Login the Application**********************
  2022-07-22 13:19:06 INFO  HomePageTest:37 - Open Home Page
  2022-07-22 13:19:06 INFO  HomePageTest:42 - ****** starting test case ******
  2022-07-22 13:19:06 INFO  HomePageTest:43 - ******* HomePageTitleTest ******
  2022-07-22 13:19:06 INFO  HomePageTest:44 - Opening Home Page
  2022-07-22 13:19:15 INFO  HomePageTest:48 - Title Verified Successfully.....
  2022-07-22 13:19:15 INFO  HomePageTest:49 - ****** ending test case ******
  2022-07-22 13:19:15 INFO  HomePageTest:92 - browser is closed
  2022-07-22 13:19:15 INFO  HomePageTest:31 - ****** Starting test cases execution  *******
  2022-07-22 13:19:15 INFO  BaseClass:48 - Lunching Chrome Browser....
  2022-07-22 13:19:16 INFO  BaseClass:65 - Maximizing Browser....
  2022-07-22 13:19:16 INFO  BaseClass:70 - Opening Application URL....
  2022-07-22 13:19:17 INFO  HomePageTest:36 - ************Login the Application**********************
  2022-07-22 13:19:17 INFO  HomePageTest:37 - Open Home Page
  2022-07-22 13:19:17 INFO  HomePageTest:54 - ****** starting test case ******
  2022-07-22 13:19:17 INFO  HomePageTest:55 - ******* verifyUserNameTest ******
  2022-07-22 13:19:22 INFO  HomePageTest:57 - UserName Verified Successfully.....
  2022-07-22 13:19:22 INFO  HomePageTest:58 - ****** ending test case ******
  2022-07-22 13:19:22 INFO  HomePageTest:92 - browser is closed
  2022-07-22 13:19:22 INFO  HomePageTest:31 - ****** Starting test cases execution  *******
  2022-07-22 13:19:23 INFO  BaseClass:48 - Lunching Chrome Browser....
  2022-07-22 13:19:23 INFO  BaseClass:65 - Maximizing Browser....
  2022-07-22 13:19:24 INFO  BaseClass:70 - Opening Application URL....
  2022-07-22 13:19:25 INFO  HomePageTest:36 - ************Login the Application**********************
  2022-07-22 13:19:25 INFO  HomePageTest:37 - Open Home Page
  2022-07-22 13:19:25 INFO  HomePageTest:63 - ****** starting test case ******
  2022-07-22 13:19:25 INFO  HomePageTest:64 - ******* verifyClickOnFriends ******
  2022-07-22 13:19:32 INFO  HomePageTest:68 - ****** ending test case ******
  2022-07-22 13:19:32 INFO  HomePageTest:92 - browser is closed
  2022-07-22 13:19:32 INFO  HomePageTest:31 - ****** Starting test cases execution  *******
  2022-07-22 13:19:33 INFO  BaseClass:48 - Lunching Chrome Browser....
  2022-07-22 13:19:33 INFO  BaseClass:65 - Maximizing Browser....
  2022-07-22 13:19:34 INFO  BaseClass:70 - Opening Application URL....
  2022-07-22 13:19:35 INFO  HomePageTest:36 - ************Login the Application**********************
  2022-07-22 13:19:35 INFO  HomePageTest:37 - Open Home Page
  2022-07-22 13:19:35 INFO  HomePageTest:73 - ****** starting test case ******
  2022-07-22 13:19:35 INFO  HomePageTest:74 - ******* verifyHomePage ******
  2022-07-22 13:19:43 INFO  HomePageTest:77 - ****** ending test case ******
  2022-07-22 13:19:43 INFO  HomePageTest:92 - browser is closed
  2022-07-22 13:19:43 INFO  HomePageTest:31 - ****** Starting test cases execution  *******
  2022-07-22 13:19:44 INFO  BaseClass:48 - Lunching Chrome Browser....
  2022-07-22 13:19:44 INFO  BaseClass:65 - Maximizing Browser....
  2022-07-22 13:19:45 INFO  BaseClass:70 - Opening Application URL....
  2022-07-22 13:19:46 INFO  HomePageTest:36 - ************Login the Application**********************
  2022-07-22 13:19:46 INFO  HomePageTest:37 - Open Home Page
  2022-07-22 13:19:46 INFO  HomePageTest:82 - ****** starting test case ******
  2022-07-22 13:19:46 INFO  HomePageTest:83 - ******* verifyClickOnLogout ******
  2022-07-22 13:20:12 INFO  HomePageTest:92 - browser is closed
  2022-07-22 13:20:12 INFO  BaseClass:48 - Lunching Chrome Browser....
  2022-07-22 13:20:13 INFO  BaseClass:65 - Maximizing Browser....
  2022-07-22 13:20:14 INFO  BaseClass:70 - Opening Application URL....
  2022-07-22 13:20:19 INFO  ProfilePageTest:39 - Clicked on profile Page..
  2022-07-22 13:20:20 INFO  ProfilePageTest:59 - Closing Browser....
  2022-07-22 13:20:20 INFO  BaseClass:48 - Lunching Chrome Browser....
  2022-07-22 13:20:21 INFO  BaseClass:65 - Maximizing Browser....
  2022-07-22 13:20:22 INFO  BaseClass:70 - Opening Application URL....
  2022-07-22 13:20:28 INFO  ProfilePageTest:45 - Verify Profile Page
  2022-07-22 13:20:28 INFO  ProfilePageTest:59 - Closing Browser....
  2022-07-22 13:20:28 INFO  BaseClass:48 - Lunching Chrome Browser....
  2022-07-22 13:20:29 INFO  BaseClass:65 - Maximizing Browser....
  2022-07-22 13:20:30 INFO  BaseClass:70 - Opening Application URL....
  2022-07-22 13:21:00 INFO  ProfilePageTest:59 - Closing Browser....
  2022-07-22 13:21:00 INFO  BaseClass:48 - Lunching Chrome Browser....
  2022-07-22 13:21:01 INFO  BaseClass:65 - Maximizing Browser....
  2022-07-22 13:21:02 INFO  BaseClass:70 - Opening Application URL....
  2022-07-22 13:21:07 INFO  BaseClass:78 - Closing Browser....
  2022-07-22 13:21:08 INFO  BaseClass:48 - Lunching Chrome Browser....
  2022-07-22 13:21:08 INFO  BaseClass:65 - Maximizing Browser....
  2022-07-22 13:21:10 INFO  BaseClass:70 - Opening Application URL....
  2022-07-22 13:21:17 INFO  BaseClass:78 - Closing Browser....
  2022-07-22 13:21:18 INFO  BaseClass:48 - Lunching Chrome Browser....
  2022-07-22 13:21:18 INFO  BaseClass:65 - Maximizing Browser....
  2022-07-22 13:21:19 INFO  BaseClass:70 - Opening Application URL....
  2022-07-22 13:21:27 INFO  BaseClass:78 - Closing Browser....
  2022-07-22 13:21:28 INFO  BaseClass:48 - Lunching Chrome Browser....
  2022-07-22 13:21:28 INFO  BaseClass:65 - Maximizing Browser....
  2022-07-22 13:21:29 INFO  BaseClass:70 - Opening Application URL....
  2022-07-22 13:21:37 INFO  BaseClass:78 - Closing Browser....
  2022-07-22 13:21:38 INFO  BaseClass:48 - Lunching Chrome Browser....
  2022-07-22 13:21:38 INFO  BaseClass:65 - Maximizing Browser....
  2022-07-22 13:21:39 INFO  BaseClass:70 - Opening Application URL....
  2022-07-22 13:21:45 INFO  BaseClass:57 - verifyCustomsLink....
  2022-07-22 13:21:45 INFO  BaseClass:78 - Closing Browser....
  2022-07-22 13:21:46 INFO  BaseClass:48 - Lunching Chrome Browser....
  2022-07-22 13:21:46 INFO  BaseClass:65 - Maximizing Browser....
  2022-07-22 13:21:48 INFO  BaseClass:70 - Opening Application URL....
  2022-07-22 13:21:54 INFO  BaseClass:63 - Click on Add Friend....
  2022-07-22 13:21:54 INFO  BaseClass:64 - add Friend....
  2022-07-22 13:21:57 INFO  BaseClass:78 - Closing Browser....
  2022-07-22 13:21:58 INFO  BaseClass:48 - Lunching Chrome Browser....
  2022-07-22 13:21:58 INFO  BaseClass:65 - Maximizing Browser....
  2022-07-22 13:21:59 INFO  BaseClass:70 - Opening Application URL....
  2022-07-22 13:22:05 INFO  BaseClass:71 - Click on Confirm Friend....
  2022-07-22 13:22:08 INFO  BaseClass:78 - Closing Browser....
  2022-07-22 13:22:09 INFO  BaseClass:48 - Lunching Chrome Browser....
  2022-07-22 13:22:09 INFO  BaseClass:65 - Maximizing Browser....
  2022-07-22 13:22:10 INFO  BaseClass:70 - Opening Application URL....
  2022-07-22 13:22:11 INFO  BaseClass:48 - Lunching Chrome Browser....
  2022-07-22 13:22:11 INFO  BaseClass:65 - Maximizing Browser....
  2022-07-22 13:22:13 INFO  BaseClass:70 - Opening Application URL....
  